LEGAL POLICY DOCUMENT

Terms of Service
Welcome to [Sfaret Technologies]! By accessing or using our website, you agree to comply with and be bound by these terms and conditions ("Terms"). Please read them carefully.
User Responsibilities
You agree to use our website in a lawful manner and not engage in any activity that may harm the website, its users, or its content.
Intellectual Property
All content on this site, including but not limited to text, graphics, logos, and software, is the property of [Sfaret Technologies] and is protected by copyright and other intellectual property laws.
Limitation of Liability
[Sfaret Technologies] will not be liable for any indirect, incidental, special, or consequential damages arising out of or in connection with the use of our website.
Modifications to Terms
We reserve the right to update or modify these Terms at any time without prior notice. Your continued use of the website after any changes constitutes your acceptance of the new Terms.

Privacy Policy
Information Collection
We collect both personal and non-personal information to improve our services. Personal information may include your name, email address, and payment information. Non-personal information may include your browser type and IP address.
Use of Information
We use the information we collect to provide and improve our services, communicate with you, and comply with legal obligations.
Data Sharing
We do not sell or trade your personal information to third parties. We may share information with third parties who assist us in operating our website, conducting our business, or servicing you, as long as those parties agree to keep this information confidential.

Security
We implement a variety of security measures to protect your personal information. However, no method of transmission over the internet or electronic storage is 100% secure.

Cookie Policy
What Are Cookies?
Cookies are small files that a site or its service provider transfers to your computer's hard drive through your web browser (if you allow) that enables the site's or service provider's systems to recognize your browser and capture and remember certain information.
How We Use Cookies
We use cookies to understand and save your preferences for future visits and compile aggregate data about site traffic and site interaction so that we can offer better site experiences and tools in the future.
User Choices
You can choose to have your computer warn you each time a cookie is being sent, or you can choose to turn off all cookies via your browser settings. If you turn cookies off, some features will be disabled.

Disclaimer
General Disclaimer
The information provided on our website is for general informational purposes only. All information on the site is provided "as is," with no guarantee of completeness, accuracy, or timeliness.
External Links
Our website may contain links to other websites. These links are provided for your convenience, and [Sfaret Technologies] has no control over the content of these sites.
Contact Information
If you have any questions or concerns about our legal policies, please contact us at:
[Sfaret Technologies]  
[Port Harcourt, Rivers State.]  
[info@sfarettech.com.ng]  
[+234-7049515934]  
